<?xml version="1.0" encoding="UTF-8"?>
<!-- Generated by org.testng.reporters.JUnitXMLReporter -->
<testsuite ignored="0" hostname="DESKTOP-05Q0BM7" failures="0" tests="19" name="Default test" time="164.643" errors="0" timestamp="2022-05-23T01:49:52 IST">
  <testcase classname="com.Runner.UniversalClassRunner" name="Scenario" time="10.35"/>
  <testcase classname="com.Runner.UniversalClassRunner" name="Scenario" time="5.497"/>
  <testcase classname="com.Runner.UniversalClassRunner" name="Scenario" time="5.838"/>
  <testcase classname="com.Runner.UniversalClassRunner" name="Scenario" time="7.168"/>
  <testcase classname="com.Runner.UniversalClassRunner" name="Scenario" time="8.09"/>
  <testcase classname="com.Runner.UniversalClassRunner" name="Scenario" time="11.936"/>
  <testcase classname="com.Runner.UniversalClassRunner" name="Scenario" time="11.392"/>
  <testcase classname="com.Runner.UniversalClassRunner" name="Scenario" time="12.922"/>
  <testcase classname="com.Runner.UniversalClassRunner" name="Scenario" time="10.767"/>
  <testcase classname="com.Runner.UniversalClassRunner" name="Scenario" time="11.365"/>
  <testcase classname="com.Runner.UniversalClassRunner" name="Scenario" time="12.069"/>
  <testcase classname="com.Runner.UniversalClassRunner" name="Scenario" time="7.27"/>
  <testcase classname="com.Runner.UniversalClassRunner" name="Scenario" time="5.824"/>
  <testcase classname="com.Runner.UniversalClassRunner" name="Scenario" time="7.218"/>
  <testcase classname="com.Runner.UniversalClassRunner" name="Scenario" time="7.232"/>
  <testcase classname="com.Runner.UniversalClassRunner" name="Scenario" time="5.649"/>
  <testcase classname="com.Runner.UniversalClassRunner" name="Scenario" time="8.957"/>
  <testcase classname="com.Runner.UniversalClassRunner" name="Scenario" time="5.533"/>
  <testcase classname="com.Runner.UniversalClassRunner" name="Scenario" time="8.03"/>
</testsuite> <!-- Default test -->
